<?xml version="1.0" encoding="UTF-8"?>
<!-- Generated by org.testng.reporters.JUnitXMLReporter -->
<testsuite hostname="DESKTOP-JOCF003" ignored="0" name="TC_LoginDDT_002" tests="4" failures="0" timestamp="03 Sep 2020 12:46:32 GMT" time="56.266" errors="0">
  <testcase name="loginTest" time="22.882" classname="com.testcases.TC_LoginDDT_002"/>
  <testcase name="loginTest" time="8.746" classname="com.testcases.TC_LoginDDT_002"/>
  <testcase name="loginTest" time="7.9" classname="com.testcases.TC_LoginDDT_002"/>
  <testcase name="loginTest" time="7.761" classname="com.testcases.TC_LoginDDT_002"/>
</testsuite> <!-- TC_LoginDDT_002 -->
